[debug] [2017-07-11T22:50:32.222Z] ----------------------------------------------------------------------
[debug] [2017-07-11T22:50:32.224Z] Command:      /usr/local/bin/node /usr/local/bin/firebase serve
[debug] [2017-07-11T22:50:32.225Z] CLI Version:  3.9.1
[debug] [2017-07-11T22:50:32.225Z] Platform:     darwin
[debug] [2017-07-11T22:50:32.225Z] Node Version: v4.4.3
[debug] [2017-07-11T22:50:32.226Z] Time:         Tue Jul 11 2017 17:50:32 GMT-0500 (CDT)
[debug] [2017-07-11T22:50:32.226Z] ----------------------------------------------------------------------
[debug] 
[debug] [2017-07-11T22:50:32.237Z] > command requires scopes: ["email","openid","https://www.googleapis.com/auth/cloudplatformprojects.readonly","https://www.googleapis.com/auth/firebase","https://www.googleapis.com/auth/cloud-platform"]
[debug] [2017-07-11T22:50:32.237Z] > authorizing via signed-in user
[debug] [2017-07-11T22:50:32.239Z] >>> HTTP REQUEST GET https://admin.firebase.com/v1/projects/fsg-v2  
 Tue Jul 11 2017 17:50:32 GMT-0500 (CDT)
[debug] [2017-07-11T22:50:33.275Z] <<< HTTP RESPONSE 200
[debug] [2017-07-11T22:50:33.277Z] >>> HTTP REQUEST GET https://admin.firebase.com/v1/database/fsg-v2/tokens  
 Tue Jul 11 2017 17:50:33 GMT-0500 (CDT)
[debug] [2017-07-11T22:50:33.887Z] <<< HTTP RESPONSE 200
[info] 
[info] === Serving from '/Users/chelshaw/Sites/fsg-v2'...
[info] 
[debug] [2017-07-11T22:50:33.890Z] >>> HTTP REQUEST GET https://cloudresourcemanager.googleapis.com/v1/projects/fsg-v2  
 Tue Jul 11 2017 17:50:33 GMT-0500 (CDT)
[debug] [2017-07-11T22:50:34.520Z] <<< HTTP RESPONSE 200
[debug] [2017-07-11T22:50:34.520Z] >>> HTTP REQUEST GET https://mobilesdk-pa.googleapis.com/v1/projects/1042443417923/clients/_:getWebAppConfig  
 Tue Jul 11 2017 17:50:34 GMT-0500 (CDT)
[debug] [2017-07-11T22:50:36.551Z] <<< HTTP RESPONSE 200
[info] i  hosting: Serving hosting files from: public
[info] ✔  hosting: Local server: http://localhost:5000

